<?xml version="1.0" encoding="UTF-8"?>
<!-- Generated by org.testng.reporters.JUnitReportReporter -->
<testsuite hostname="DESKTOP-R45O6T6" failures="0" tests="2" name="scenarios.nativeMobileTests" time="72.732" errors="0" timestamp="2021-08-13T01:38:15 MSK" skipped="0">
  <testcase classname="scenarios.nativeMobileTests" name="checkRegistrationAndSignIn" time="43.256"/>
  <system-out/>
  <testcase classname="scenarios.nativeMobileTests" name="checkIncorrectAppearAutoCompleteTextView" time="29.476"/>
  <system-out/>
</testsuite> <!-- scenarios.nativeMobileTests -->
